<?xml version="1.0" encoding="UTF-8"?>
<testsuite xmlns:xsi="http://www.w3.org/2001/XMLSchema-instance" xsi:noNamespaceSchemaLocation="https://maven.apache.org/surefire/maven-surefire-plugin/xsd/surefire-test-report.xsd" version="3.0.1" name="org.example.ProgramTest" time="0.525" tests="28" errors="0" skipped="0" failures="0">
  <properties>
[...]
</properties>
  <testcase name="evaluateXWinForOPlayer" classname="org.example.ProgramTest" time="0.035"/>
  <testcase name="miniMaxReturnsValidMoveNearFull" classname="org.example.ProgramTest" time="0.019">
    <system-out><![CDATA[
minimax:   6(0) 
minimax best:   6(0) Steps counted: 0]]></system-out>
  </testcase>
  <testcase name="gamePlayersHaveSymbols" classname="org.example.ProgramTest" time="0.004"/>
  <testcase name="evaluateOWinForOPlayer" classname="org.example.ProgramTest" time="0.001"/>
  <testcase name="generateMovesPartialBoard" classname="org.example.ProgramTest" time="0.002"/>
  <testcase name="evaluatePlayingIsMinusOne" classname="org.example.ProgramTest" time="0.001"/>
  <testcase name="checkStateMiddleRow" classname="org.example.ProgramTest" time="0.001"/>
  <testcase name="gameInitsEmptyBoard" classname="org.example.ProgramTest" time="0.002"/>
  <testcase name="cellSetMarker" classname="org.example.ProgramTest" time="0.247"/>
  <testcase name="checkStateXWinRow" classname="org.example.ProgramTest" time="0.002"/>
  <testcase name="cellConstructorAndGetters" classname="org.example.ProgramTest" time="0.001"/>
  <testcase name="playerFields" classname="org.example.ProgramTest" time="0.003"/>
  <testcase name="utilityPrintsDoNotThrow" classname="org.example.ProgramTest" time="0.005">
    <system-out><![CDATA[
X-O-X-.-.-.-.-.-.-

1-2-3-4-5-6-7-8-9-

1-2-
]]></system-out>
  </testcase>
  <testcase name="miniMaxFromTwoInARowRuns" classname="org.example.ProgramTest" time="0.01">
    <system-out><![CDATA[
minimax:   3(100) 
minimax:   4(100) 
minimax:   5(100) 
minimax:   6(100) 
minimax:   7(100) 
minimax:   8(100) 
minimax:   9(100) 
minimax best:   6(100) Steps counted: 2010]]></system-out>
  </testcase>
  <testcase name="checkStateDraw" classname="org.example.ProgramTest" time="0.001"/>
  <testcase name="checkStateOWin" classname="org.example.ProgramTest" time="0.001"/>
  <testcase name="generateMovesFullBoard" classname="org.example.ProgramTest" time="0.001"/>
  <testcase name="panelConstructorBuildsGrid" classname="org.example.ProgramTest" time="0.007"/>
  <testcase name="checkStateBottomRow" classname="org.example.ProgramTest" time="0.001"/>
  <testcase name="checkStateXWinDiagonal" classname="org.example.ProgramTest" time="0.001"/>
  <testcase name="checkStateXWinAntiDiagonal" classname="org.example.ProgramTest" time="0.001"/>
  <testcase name="checkStatePlaying" classname="org.example.ProgramTest" time="0.0"/>
  <testcase name="stateValues" classname="org.example.ProgramTest" time="0.001"/>
  <testcase name="evaluateDrawIsZero" classname="org.example.ProgramTest" time="0.001"/>
  <testcase name="generateMovesEmptyBoard" classname="org.example.ProgramTest" time="0.0"/>
  <testcase name="miniMaxOnEmptyBoardRuns" classname="org.example.ProgramTest" time="0.107">
    <system-out><![CDATA[
minimax:   1(0) 
minimax:   2(0) 
minimax:   3(0) 
minimax:   4(0) 
minimax:   5(0) 
minimax:   6(0) 
minimax:   7(0) 
minimax:   8(0) 
minimax:   9(0) 
minimax best:   2(0) Steps counted: 294777]]></system-out>
  </testcase>
  <testcase name="evaluateXWinForXPlayer" classname="org.example.ProgramTest" time="0.002"/>
  <testcase name="checkStateXWinColumn" classname="org.example.ProgramTest" time="0.001"/>
</testsuite>